This file contains any messages produced by compilers while
running configure, to aid debugging if configure makes a mistake.

It was created by libnfnetlink configure 1.0.1, which was
generated by GNU Autoconf 2.69.  Invocation command line was

  $ ./configure --host=arm-linux --target=arm-linux --build=i686-pc-linux

## --------- ##
## Platform. ##
## --------- ##

hostname = ski
uname -m = x86_64
uname -r = 3.11.10-301.fc20.x86_64
uname -s = Linux
uname -v = #1 SMP Thu Dec 5 14:01:17 UTC 2013

/usr/bin/uname -p = x86_64
/bin/uname -X     = unknown

/bin/arch              = x86_64
/usr/bin/arch -k       = unknown
/usr/convex/getsysinfo = unknown
/usr/bin/hostinfo      = unknown
/bin/machine           = unknown
/usr/bin/oslevel       = unknown
/bin/universe          = unknown

PATH: /bin
PATH: /usr/local/bin
PATH: /usr/bin
PATH: /usr/ucb
PATH: /etc
PATH: /usr/X11R6/bin
PATH: /usr/local/bin
PATH: .
PATH: /usr/local/bin
PATH: /opt/buildroot-gcc483_arm/usr/bin
PATH: /opt/surfmilo/cross-dev/usr/bin


## ----------- ##
## Core tests. ##
## ----------- ##

configure:2142: checking build system type
configure:2156: result: i686-pc-linux-gnu
configure:2176: checking host system type
configure:2189: result: arm-unknown-linux-gnu
configure:2226: checking for a BSD-compatible install
configure:2294: result: /bin/install -c
configure:2305: checking whether build environment is sane
configure:2355: result: yes
configure:2404: checking for arm-linux-strip
configure:2420: found /opt/buildroot-gcc483_arm/usr/bin/arm-linux-strip
configure:2431: result: arm-linux-strip
configure:2496: checking for a thread-safe mkdir -p
configure:2535: result: /bin/mkdir -p
configure:2548: checking for gawk
configure:2564: found /bin/gawk
configure:2575: result: gawk
configure:2586: checking whether make sets $(MAKE)
configure:2608: result: yes
configure:2683: checking how to create a pax tar archive
configure:2696: tar --version
tar (GNU tar) 1.26
Copyright (C) 2011 Free Software Foundation, Inc.
License GPLv3+: GNU GPL version 3 or later <http://gnu.org/licenses/gpl.html>.
This is free software: you are free to change and redistribute it.
There is NO WARRANTY, to the extent permitted by law.

Written by John Gilmore and Jay Fenlason.
configure:2699: $? = 0
configure:2739: tardir=conftest.dir && eval tar --format=posix -chf - "$tardir" >conftest.tar
configure:2742: $? = 0
configure:2746: tar -xf - <conftest.tar
configure:2749: $? = 0
configure:2762: result: gnutar
configure:2781: checking whether make supports nested variables
configure:2798: result: yes
configure:2818: checking for arm-linux-gcc
configure:2845: result: arm-linux-gcc
configure:3114: checking for C compiler version
configure:3123: arm-linux-gcc --version >&5
arm-linux-gcc (Buildroot 2014.08) 4.8.3
Copyright (C) 2013 Free Software Foundation, Inc.
This is free software; see the source for copying conditions.  There is NO
warranty; not even for MERCHANTABILITY or FITNESS FOR A PARTICULAR PURPOSE.

configure:3134: $? = 0
configure:3123: arm-linux-gcc -v >&5
Using built-in specs.
COLLECT_GCC=arm-linux-gcc
COLLECT_LTO_WRAPPER=/opt/buildroot-gcc483_arm/usr/libexec/gcc/arm-buildroot-linux-uclibcgnueabi/4.8.3/lto-wrapper
Target: arm-buildroot-linux-uclibcgnueabi
Configured with: ./configure --prefix=/opt/buildroot-gcc483_arm/usr --sysconfdir=/opt/buildroot-gcc483_arm/etc --enable-static --target=arm-buildroot-linux-uclibcgnueabi --with-sysroot=/opt/buildroot-gcc483_arm/usr/arm-buildroot-linux-uclibcgnueabi/sysroot --disable-__cxa_atexit --with-gnu-ld --disable-libssp --disable-multilib --with-gmp=/opt/buildroot-gcc483_arm/usr --with-mpfr=/opt/buildroot-gcc483_arm/usr --enable-target-optspace --disable-libsanitizer --disable-tls --disable-libmudflap --enable-threads --with-mpc=/opt/buildroot-gcc483_arm/usr --without-isl --without-cloog --disable-decimal-float --with-arch=armv7-a --with-abi=aapcs-linux --with-cpu=cortex-a7 --with-fpu=neon-vfpv4 --with-float=softfp --with-mode=arm --with-pkgversion='Buildroot 2014.08' --with-bugurl=http://bugs.buildroot.net/ --enable-languages=c,c++ --with-build-time-tools=/opt/buildroot-gcc483_arm/usr/arm-buildroot-linux-uclibcgnueabi/bin --enable-shared --disable-libgomp
Thread model: posix
gcc version 4.8.3 (Buildroot 2014.08) 
configure:3134: $? = 0
configure:3123: arm-linux-gcc -V >&5
arm-linux-gcc: error: unrecognized command line option '-V'
arm-linux-gcc: fatal error: no input files
compilation terminated.
configure:3134: $? = 1
configure:3123: arm-linux-gcc -qversion >&5
arm-linux-gcc: error: unrecognized command line option '-qversion'
arm-linux-gcc: fatal error: no input files
compilation terminated.
configure:3134: $? = 1
configure:3154: checking whether the C compiler works
configure:3176: arm-linux-gcc -mcpu=cortex-a7 -O2 -fomit-frame-pointer -pipe -Os   conftest.c  >&5
configure:3180: $? = 0
configure:3228: result: yes
configure:3231: checking for C compiler default output file name
configure:3233: result: a.out
configure:3239: checking for suffix of executables
configure:3246: arm-linux-gcc -o conftest -mcpu=cortex-a7 -O2 -fomit-frame-pointer -pipe -Os   conftest.c  >&5
configure:3250: $? = 0
configure:3272: result: 
configure:3294: checking whether we are cross compiling
configure:3332: result: yes
configure:3337: checking for suffix of object files
configure:3359: arm-linux-gcc -c -mcpu=cortex-a7 -O2 -fomit-frame-pointer -pipe -Os  conftest.c >&5
configure:3363: $? = 0
configure:3384: result: o
configure:3388: checking whether we are using the GNU C compiler
configure:3407: arm-linux-gcc -c -mcpu=cortex-a7 -O2 -fomit-frame-pointer -pipe -Os  conftest.c >&5
configure:3407: $? = 0
configure:3416: result: yes
configure:3425: checking whether arm-linux-gcc accepts -g
configure:3445: arm-linux-gcc -c -g  conftest.c >&5
configure:3445: $? = 0
configure:3486: result: yes
configure:3503: checking for arm-linux-gcc option to accept ISO C89
configure:3566: arm-linux-gcc  -c -mcpu=cortex-a7 -O2 -fomit-frame-pointer -pipe -Os  conftest.c >&5
configure:3566: $? = 0
configure:3579: result: none needed
configure:3610: checking for style of include used by make
configure:3638: result: GNU
configure:3664: checking dependency style of arm-linux-gcc
configure:3775: result: gcc3
configure:3791: checking whether arm-linux-gcc and cc understand -c and -o together
configure:3822: arm-linux-gcc -c conftest.c -o conftest2.o >&5
configure:3826: $? = 0
configure:3832: arm-linux-gcc -c conftest.c -o conftest2.o >&5
configure:3836: $? = 0
configure:3847: cc -c conftest.c >&5
configure:3851: $? = 0
configure:3859: cc -c conftest.c -o conftest2.o >&5
configure:3863: $? = 0
configure:3869: cc -c conftest.c -o conftest2.o >&5
configure:3873: $? = 0
configure:3891: result: yes
configure:3993: checking how to print strings
configure:4020: result: printf
configure:4041: checking for a sed that does not truncate output
configure:4105: result: /bin/sed
configure:4123: checking for grep that handles long lines and -e
configure:4181: result: /bin/grep
configure:4186: checking for egrep
configure:4248: result: /bin/grep -E
configure:4253: checking for fgrep
configure:4315: result: /bin/grep -F
configure:4350: checking for ld used by arm-linux-gcc
configure:4417: result: /opt/buildroot-gcc483_arm/usr/arm-buildroot-linux-uclibcgnueabi/bin/ld
configure:4424: checking if the linker (/opt/buildroot-gcc483_arm/usr/arm-buildroot-linux-uclibcgnueabi/bin/ld) is GNU ld
configure:4439: result: yes
configure:4451: checking for BSD- or MS-compatible name lister (nm)
configure:4500: result: /opt/buildroot-gcc483_arm/usr/bin/arm-linux-nm -B
configure:4630: checking the name lister (/opt/buildroot-gcc483_arm/usr/bin/arm-linux-nm -B) interface
configure:4637: arm-linux-gcc -c -mcpu=cortex-a7 -O2 -fomit-frame-pointer -pipe -Os  conftest.c >&5
configure:4640: /opt/buildroot-gcc483_arm/usr/bin/arm-linux-nm -B "conftest.o"
configure:4643: output
00000000 B some_variable
configure:4650: result: BSD nm
configure:4653: checking whether ln -s works
configure:4657: result: yes
configure:4665: checking the maximum length of command line arguments
configure:4795: result: 1572864
configure:4812: checking whether the shell understands some XSI constructs
configure:4822: result: yes
configure:4826: checking whether the shell understands "+="
configure:4832: result: yes
configure:4867: checking how to convert i686-pc-linux-gnu file names to arm-unknown-linux-gnu format
configure:4907: result: func_convert_file_noop
configure:4914: checking how to convert i686-pc-linux-gnu file names to toolchain format
configure:4934: result: func_convert_file_noop
configure:4941: checking for /opt/buildroot-gcc483_arm/usr/arm-buildroot-linux-uclibcgnueabi/bin/ld option to reload object files
configure:4948: result: -r
configure:4982: checking for arm-linux-objdump
configure:4998: found /opt/buildroot-gcc483_arm/usr/bin/arm-linux-objdump
configure:5009: result: arm-linux-objdump
configure:5081: checking how to recognize dependent libraries
configure:5279: result: pass_all
configure:5324: checking for arm-linux-dlltool
configure:5354: result: no
configure:5364: checking for dlltool
configure:5394: result: no
configure:5424: checking how to associate runtime and link libraries
configure:5451: result: printf %s\n
configure:5468: checking for arm-linux-ar
configure:5484: found /opt/buildroot-gcc483_arm/usr/bin/arm-linux-ar
configure:5495: result: arm-linux-ar
configure:5576: checking for archiver @FILE support
configure:5593: arm-linux-gcc -c -mcpu=cortex-a7 -O2 -fomit-frame-pointer -pipe -Os  conftest.c >&5
configure:5593: $? = 0
configure:5596: arm-linux-ar cru libconftest.a @conftest.lst >&5
configure:5599: $? = 0
configure:5604: arm-linux-ar cru libconftest.a @conftest.lst >&5
arm-linux-ar: conftest.o: No such file or directory
configure:5607: $? = 1
configure:5619: result: @
configure:5637: checking for arm-linux-strip
configure:5664: result: arm-linux-strip
configure:5736: checking for arm-linux-ranlib
configure:5752: found /opt/buildroot-gcc483_arm/usr/bin/arm-linux-ranlib
configure:5763: result: arm-linux-ranlib
configure:5905: checking command to parse /opt/buildroot-gcc483_arm/usr/bin/arm-linux-nm -B output from arm-linux-gcc object
configure:6025: arm-linux-gcc -c -mcpu=cortex-a7 -O2 -fomit-frame-pointer -pipe -Os  conftest.c >&5
configure:6028: $? = 0
configure:6032: /opt/buildroot-gcc483_arm/usr/bin/arm-linux-nm -B conftest.o \| sed -n -e 's/^.*[ ]\([ABCDGIRSTW][ABCDGIRSTW]*\)[ ][ ]*\([_A-Za-z][_A-Za-z0-9]*\)$/\1 \2 \2/p' | sed '/ __gnu_lto/d' \> conftest.nm
configure:6035: $? = 0
configure:6101: arm-linux-gcc -o conftest -mcpu=cortex-a7 -O2 -fomit-frame-pointer -pipe -Os   conftest.c conftstm.o >&5
configure:6104: $? = 0
configure:6142: result: ok
configure:6179: checking for sysroot
configure:6209: result: no
configure:6425: checking for arm-linux-mt
configure:6455: result: no
configure:6465: checking for mt
configure:6495: result: no
configure:6515: checking if : is a manifest tool
configure:6521: : '-?'
configure:6529: result: no
configure:7171: checking how to run the C preprocessor
configure:7202: arm-linux-gcc -E  conftest.c
configure:7202: $? = 0
configure:7216: arm-linux-gcc -E  conftest.c
conftest.c:11:28: fatal error: ac_nonexistent.h: No such file or directory
 #include <ac_nonexistent.h>
                            ^
compilation terminated.
configure:7216: $? = 1
configure: failed program was:
| /* confdefs.h */
| #define PACKAGE_NAME "libnfnetlink"
| #define PACKAGE_TARNAME "libnfnetlink"
| #define PACKAGE_VERSION "1.0.1"
| #define PACKAGE_STRING "libnfnetlink 1.0.1"
| #define PACKAGE_BUGREPORT ""
| #define PACKAGE_URL ""
| #define PACKAGE "libnfnetlink"
| #define VERSION "1.0.1"
| /* end confdefs.h.  */
| #include <ac_nonexistent.h>
configure:7241: result: arm-linux-gcc -E
configure:7261: arm-linux-gcc -E  conftest.c
configure:7261: $? = 0
configure:7275: arm-linux-gcc -E  conftest.c
conftest.c:11:28: fatal error: ac_nonexistent.h: No such file or directory
 #include <ac_nonexistent.h>
                            ^
compilation terminated.
configure:7275: $? = 1
configure: failed program was:
| /* confdefs.h */
| #define PACKAGE_NAME "libnfnetlink"
| #define PACKAGE_TARNAME "libnfnetlink"
| #define PACKAGE_VERSION "1.0.1"
| #define PACKAGE_STRING "libnfnetlink 1.0.1"
| #define PACKAGE_BUGREPORT ""
| #define PACKAGE_URL ""
| #define PACKAGE "libnfnetlink"
| #define VERSION "1.0.1"
| /* end confdefs.h.  */
| #include <ac_nonexistent.h>
configure:7304: checking for ANSI C header files
configure:7324: arm-linux-gcc -c -mcpu=cortex-a7 -O2 -fomit-frame-pointer -pipe -Os  conftest.c >&5
configure:7324: $? = 0
configure:7408: result: yes
configure:7421: checking for sys/types.h
configure:7421: arm-linux-gcc -c -mcpu=cortex-a7 -O2 -fomit-frame-pointer -pipe -Os  conftest.c >&5
configure:7421: $? = 0
configure:7421: result: yes
configure:7421: checking for sys/stat.h
configure:7421: arm-linux-gcc -c -mcpu=cortex-a7 -O2 -fomit-frame-pointer -pipe -Os  conftest.c >&5
configure:7421: $? = 0
configure:7421: result: yes
configure:7421: checking for stdlib.h
configure:7421: arm-linux-gcc -c -mcpu=cortex-a7 -O2 -fomit-frame-pointer -pipe -Os  conftest.c >&5
configure:7421: $? = 0
configure:7421: result: yes
configure:7421: checking for string.h
configure:7421: arm-linux-gcc -c -mcpu=cortex-a7 -O2 -fomit-frame-pointer -pipe -Os  conftest.c >&5
configure:7421: $? = 0
configure:7421: result: yes
configure:7421: checking for memory.h
configure:7421: arm-linux-gcc -c -mcpu=cortex-a7 -O2 -fomit-frame-pointer -pipe -Os  conftest.c >&5
configure:7421: $? = 0
configure:7421: result: yes
configure:7421: checking for strings.h
configure:7421: arm-linux-gcc -c -mcpu=cortex-a7 -O2 -fomit-frame-pointer -pipe -Os  conftest.c >&5
configure:7421: $? = 0
configure:7421: result: yes
configure:7421: checking for inttypes.h
configure:7421: arm-linux-gcc -c -mcpu=cortex-a7 -O2 -fomit-frame-pointer -pipe -Os  conftest.c >&5
configure:7421: $? = 0
configure:7421: result: yes
configure:7421: checking for stdint.h
configure:7421: arm-linux-gcc -c -mcpu=cortex-a7 -O2 -fomit-frame-pointer -pipe -Os  conftest.c >&5
configure:7421: $? = 0
configure:7421: result: yes
configure:7421: checking for unistd.h
configure:7421: arm-linux-gcc -c -mcpu=cortex-a7 -O2 -fomit-frame-pointer -pipe -Os  conftest.c >&5
configure:7421: $? = 0
configure:7421: result: yes
configure:7435: checking for dlfcn.h
configure:7435: arm-linux-gcc -c -mcpu=cortex-a7 -O2 -fomit-frame-pointer -pipe -Os  conftest.c >&5
configure:7435: $? = 0
configure:7435: result: yes
configure:7611: checking for objdir
configure:7626: result: .libs
configure:7897: checking if arm-linux-gcc supports -fno-rtti -fno-exceptions
configure:7915: arm-linux-gcc -c -mcpu=cortex-a7 -O2 -fomit-frame-pointer -pipe -Os  -fno-rtti -fno-exceptions conftest.c >&5
cc1: warning: command line option '-fno-rtti' is valid for C++/ObjC++ but not for C [enabled by default]
configure:7919: $? = 0
configure:7932: result: no
configure:8259: checking for arm-linux-gcc option to produce PIC
configure:8266: result: -fPIC -DPIC
configure:8274: checking if arm-linux-gcc PIC flag -fPIC -DPIC works
configure:8292: arm-linux-gcc -c -mcpu=cortex-a7 -O2 -fomit-frame-pointer -pipe -Os  -fPIC -DPIC -DPIC conftest.c >&5
configure:8296: $? = 0
configure:8309: result: yes
configure:8338: checking if arm-linux-gcc static flag -static works
configure:8366: result: yes
configure:8381: checking if arm-linux-gcc supports -c -o file.o
configure:8402: arm-linux-gcc -c -mcpu=cortex-a7 -O2 -fomit-frame-pointer -pipe -Os  -o out/conftest2.o conftest.c >&5
configure:8406: $? = 0
configure:8428: result: yes
configure:8436: checking if arm-linux-gcc supports -c -o file.o
configure:8483: result: yes
configure:8516: checking whether the arm-linux-gcc linker (/opt/buildroot-gcc483_arm/usr/arm-buildroot-linux-uclibcgnueabi/bin/ld) supports shared libraries
configure:9673: result: yes
configure:9710: checking whether -lc should be explicitly linked in
configure:9718: arm-linux-gcc -c -mcpu=cortex-a7 -O2 -fomit-frame-pointer -pipe -Os  conftest.c >&5
configure:9721: $? = 0
configure:9736: arm-linux-gcc -shared  -fPIC -DPIC conftest.o  -v -Wl,-soname -Wl,conftest -o conftest 2\>\&1 \| /bin/grep  -lc  \>/dev/null 2\>\&1
configure:9739: $? = 0
configure:9753: result: no
configure:9913: checking dynamic linker characteristics
configure:10413: arm-linux-gcc -o conftest -mcpu=cortex-a7 -O2 -fomit-frame-pointer -pipe -Os   -Wl,-rpath -Wl,/foo conftest.c  >&5
configure:10413: $? = 0
configure:10647: result: GNU/Linux ld.so
configure:10754: checking how to hardcode library paths into programs
configure:10779: result: immediate
configure:11319: checking whether stripping libraries is possible
configure:11324: result: yes
configure:11359: checking if libtool supports shared libraries
configure:11361: result: yes
configure:11364: checking whether to build shared libraries
configure:11385: result: yes
configure:11388: checking whether to build static libraries
configure:11392: result: no
configure:11606: creating ./config.status

## ---------------------- ##
## Running config.status. ##
## ---------------------- ##

This file was extended by libnfnetlink config.status 1.0.1, which was
generated by GNU Autoconf 2.69.  Invocation command line was

  CONFIG_FILES    = 
  CONFIG_HEADERS  = 
  CONFIG_LINKS    = 
  CONFIG_COMMANDS = 
  $ ./config.status 

on ski

config.status:1008: creating Makefile
config.status:1008: creating src/Makefile
config.status:1008: creating include/Makefile
config.status:1008: creating include/libnfnetlink/Makefile
config.status:1008: creating utils/Makefile
config.status:1008: creating libnfnetlink.pc
config.status:1180: executing depfiles commands
config.status:1180: executing libtool commands

## ---------------- ##
## Cache variables. ##
## ---------------- ##

ac_cv_build=i686-pc-linux-gnu
ac_cv_c_compiler_gnu=yes
ac_cv_env_CC_set=set
ac_cv_env_CC_value=arm-linux-gcc
ac_cv_env_CFLAGS_set=set
ac_cv_env_CFLAGS_value='-mcpu=cortex-a7 -O2 -fomit-frame-pointer -pipe -Os'
ac_cv_env_CPPFLAGS_set=
ac_cv_env_CPPFLAGS_value=
ac_cv_env_CPP_set=
ac_cv_env_CPP_value=
ac_cv_env_LDFLAGS_set=
ac_cv_env_LDFLAGS_value=
ac_cv_env_LIBS_set=
ac_cv_env_LIBS_value=
ac_cv_env_build_alias_set=set
ac_cv_env_build_alias_value=i686-pc-linux
ac_cv_env_host_alias_set=set
ac_cv_env_host_alias_value=arm-linux
ac_cv_env_target_alias_set=set
ac_cv_env_target_alias_value=arm-linux
ac_cv_header_dlfcn_h=yes
ac_cv_header_inttypes_h=yes
ac_cv_header_memory_h=yes
ac_cv_header_stdc=yes
ac_cv_header_stdint_h=yes
ac_cv_header_stdlib_h=yes
ac_cv_header_string_h=yes
ac_cv_header_strings_h=yes
ac_cv_header_sys_stat_h=yes
ac_cv_header_sys_types_h=yes
ac_cv_header_unistd_h=yes
ac_cv_host=arm-unknown-linux-gnu
ac_cv_objext=o
ac_cv_path_EGREP='/bin/grep -E'
ac_cv_path_FGREP='/bin/grep -F'
ac_cv_path_GREP=/bin/grep
ac_cv_path_SED=/bin/sed
ac_cv_path_install='/bin/install -c'
ac_cv_path_mkdir=/bin/mkdir
ac_cv_prog_AR=arm-linux-ar
ac_cv_prog_AWK=gawk
ac_cv_prog_CC=arm-linux-gcc
ac_cv_prog_CPP='arm-linux-gcc -E'
ac_cv_prog_OBJDUMP=arm-linux-objdump
ac_cv_prog_RANLIB=arm-linux-ranlib
ac_cv_prog_STRIP=arm-linux-strip
ac_cv_prog_cc_arm_linux_gcc_c_o=yes
ac_cv_prog_cc_c89=
ac_cv_prog_cc_g=yes
ac_cv_prog_make_make_set=yes
am_cv_CC_dependencies_compiler_type=gcc3
am_cv_make_support_nested_variables=yes
am_cv_prog_tar_pax=gnutar
lt_cv_ar_at_file=@
lt_cv_archive_cmds_need_lc=no
lt_cv_deplibs_check_method=pass_all
lt_cv_file_magic_cmd='$MAGIC_CMD'
lt_cv_file_magic_test_file=
lt_cv_ld_reload_flag=-r
lt_cv_nm_interface='BSD nm'
lt_cv_objdir=.libs
lt_cv_path_LD=/opt/buildroot-gcc483_arm/usr/arm-buildroot-linux-uclibcgnueabi/bin/ld
lt_cv_path_NM='/opt/buildroot-gcc483_arm/usr/bin/arm-linux-nm -B'
lt_cv_path_mainfest_tool=no
lt_cv_prog_compiler_c_o=yes
lt_cv_prog_compiler_pic='-fPIC -DPIC'
lt_cv_prog_compiler_pic_works=yes
lt_cv_prog_compiler_rtti_exceptions=no
lt_cv_prog_compiler_static_works=yes
lt_cv_prog_gnu_ld=yes
lt_cv_sharedlib_from_linklib_cmd='printf %s\n'
lt_cv_shlibpath_overrides_runpath=no
lt_cv_sys_global_symbol_pipe='sed -n -e '\''s/^.*[	 ]\([ABCDGIRSTW][ABCDGIRSTW]*\)[	 ][	 ]*\([_A-Za-z][_A-Za-z0-9]*\)$/\1 \2 \2/p'\'' | sed '\''/ __gnu_lto/d'\'''
lt_cv_sys_global_symbol_to_c_name_address='sed -n -e '\''s/^: \([^ ]*\)[ ]*$/  {\"\1\", (void *) 0},/p'\'' -e '\''s/^[ABCDGIRSTW]* \([^ ]*\) \([^ ]*\)$/  {"\2", (void *) \&\2},/p'\'''
lt_cv_sys_global_symbol_to_c_name_address_lib_prefix='sed -n -e '\''s/^: \([^ ]*\)[ ]*$/  {\"\1\", (void *) 0},/p'\'' -e '\''s/^[ABCDGIRSTW]* \([^ ]*\) \(lib[^ ]*\)$/  {"\2", (void *) \&\2},/p'\'' -e '\''s/^[ABCDGIRSTW]* \([^ ]*\) \([^ ]*\)$/  {"lib\2", (void *) \&\2},/p'\'''
lt_cv_sys_global_symbol_to_cdecl='sed -n -e '\''s/^T .* \(.*\)$/extern int \1();/p'\'' -e '\''s/^[ABCDGIRSTW]* .* \(.*\)$/extern char \1;/p'\'''
lt_cv_sys_max_cmd_len=1572864
lt_cv_to_host_file_cmd=func_convert_file_noop
lt_cv_to_tool_file_cmd=func_convert_file_noop

## ----------------- ##
## Output variables. ##
## ----------------- ##

ACLOCAL='${SHELL} /home/mt7623/userapps/netfilter-q/libnfnetlink-1.0.1/build-aux/missing --run aclocal-1.11'
AMDEPBACKSLASH='\'
AMDEP_FALSE='#'
AMDEP_TRUE=''
AMTAR='$${TAR-tar}'
AM_BACKSLASH='\'
AM_DEFAULT_V='$(AM_DEFAULT_VERBOSITY)'
AM_DEFAULT_VERBOSITY='0'
AM_V='$(V)'
AR='arm-linux-ar'
AUTOCONF='${SHELL} /home/mt7623/userapps/netfilter-q/libnfnetlink-1.0.1/build-aux/missing --run autoconf'
AUTOHEADER='${SHELL} /home/mt7623/userapps/netfilter-q/libnfnetlink-1.0.1/build-aux/missing --run autoheader'
AUTOMAKE='${SHELL} /home/mt7623/userapps/netfilter-q/libnfnetlink-1.0.1/build-aux/missing --run automake-1.11'
AWK='gawk'
CC='arm-linux-gcc'
CCDEPMODE='depmode=gcc3'
CFLAGS='-mcpu=cortex-a7 -O2 -fomit-frame-pointer -pipe -Os'
CPP='arm-linux-gcc -E'
CPPFLAGS=''
CYGPATH_W='echo'
DEFS='-DPACKAGE_NAME=\"libnfnetlink\" -DPACKAGE_TARNAME=\"libnfnetlink\" -DPACKAGE_VERSION=\"1.0.1\" -DPACKAGE_STRING=\"libnfnetlink\ 1.0.1\" -DPACKAGE_BUGREPORT=\"\" -DPACKAGE_URL=\"\" -DPACKAGE=\"libnfnetlink\" -DVERSION=\"1.0.1\" -DSTDC_HEADERS=1 -DHAVE_SYS_TYPES_H=1 -DHAVE_SYS_STAT_H=1 -DHAVE_STDLIB_H=1 -DHAVE_STRING_H=1 -DHAVE_MEMORY_H=1 -DHAVE_STRINGS_H=1 -DHAVE_INTTYPES_H=1 -DHAVE_STDINT_H=1 -DHAVE_UNISTD_H=1 -DHAVE_DLFCN_H=1 -DLT_OBJDIR=\".libs/\"'
DEPDIR='.deps'
DLLTOOL='false'
DSYMUTIL=''
DUMPBIN=''
ECHO_C=''
ECHO_N='-n'
ECHO_T=''
EGREP='/bin/grep -E'
EXEEXT=''
FGREP='/bin/grep -F'
GREP='/bin/grep'
INSTALL_DATA='${INSTALL} -m 644'
INSTALL_PROGRAM='${INSTALL}'
INSTALL_SCRIPT='${INSTALL}'
INSTALL_STRIP_PROGRAM='$(install_sh) -c -s'
LD='/opt/buildroot-gcc483_arm/usr/arm-buildroot-linux-uclibcgnueabi/bin/ld'
LDFLAGS=''
LIBOBJS=''
LIBS=''
LIBTOOL='$(SHELL) $(top_builddir)/libtool'
LIPO=''
LN_S='ln -s'
LTLIBOBJS=''
MAKEINFO='${SHELL} /home/mt7623/userapps/netfilter-q/libnfnetlink-1.0.1/build-aux/missing --run makeinfo'
MANIFEST_TOOL=':'
MKDIR_P='/bin/mkdir -p'
NM='/opt/buildroot-gcc483_arm/usr/bin/arm-linux-nm -B'
NMEDIT=''
OBJDUMP='arm-linux-objdump'
OBJEXT='o'
OTOOL64=''
OTOOL=''
PACKAGE='libnfnetlink'
PACKAGE_BUGREPORT=''
PACKAGE_NAME='libnfnetlink'
PACKAGE_STRING='libnfnetlink 1.0.1'
PACKAGE_TARNAME='libnfnetlink'
PACKAGE_URL=''
PACKAGE_VERSION='1.0.1'
PATH_SEPARATOR=':'
RANLIB='arm-linux-ranlib'
SED='/bin/sed'
SET_MAKE=''
SHELL='/bin/sh'
STRIP='arm-linux-strip'
VERSION='1.0.1'
ac_ct_AR=''
ac_ct_CC=''
ac_ct_DUMPBIN=''
am__EXEEXT_FALSE=''
am__EXEEXT_TRUE='#'
am__fastdepCC_FALSE='#'
am__fastdepCC_TRUE=''
am__include='include'
am__isrc=''
am__leading_dot='.'
am__nodep='_no'
am__quote=''
am__tar='tar --format=posix -chf - "$$tardir"'
am__untar='tar -xf -'
bindir='${exec_prefix}/bin'
build='i686-pc-linux-gnu'
build_alias='i686-pc-linux'
build_cpu='i686'
build_os='linux-gnu'
build_vendor='pc'
datadir='${datarootdir}'
datarootdir='${prefix}/share'
docdir='${datarootdir}/doc/${PACKAGE_TARNAME}'
dvidir='${docdir}'
exec_prefix='${prefix}'
host='arm-unknown-linux-gnu'
host_alias='arm-linux'
host_cpu='arm'
host_os='linux-gnu'
host_vendor='unknown'
htmldir='${docdir}'
includedir='${prefix}/include'
infodir='${datarootdir}/info'
install_sh='${SHELL} /home/mt7623/userapps/netfilter-q/libnfnetlink-1.0.1/build-aux/install-sh'
libdir='${exec_prefix}/lib'
libexecdir='${exec_prefix}/libexec'
localedir='${datarootdir}/locale'
localstatedir='${prefix}/var'
mandir='${datarootdir}/man'
mkdir_p='/bin/mkdir -p'
oldincludedir='/usr/include'
pdfdir='${docdir}'
prefix='/usr/local'
program_transform_name='s,x,x,'
psdir='${docdir}'
sbindir='${exec_prefix}/sbin'
sharedstatedir='${prefix}/com'
sysconfdir='${prefix}/etc'
target_alias='arm-linux'

## ----------- ##
## confdefs.h. ##
## ----------- ##

/* confdefs.h */
#define PACKAGE_NAME "libnfnetlink"
#define PACKAGE_TARNAME "libnfnetlink"
#define PACKAGE_VERSION "1.0.1"
#define PACKAGE_STRING "libnfnetlink 1.0.1"
#define PACKAGE_BUGREPORT ""
#define PACKAGE_URL ""
#define PACKAGE "libnfnetlink"
#define VERSION "1.0.1"
#define STDC_HEADERS 1
#define HAVE_SYS_TYPES_H 1
#define HAVE_SYS_STAT_H 1
#define HAVE_STDLIB_H 1
#define HAVE_STRING_H 1
#define HAVE_MEMORY_H 1
#define HAVE_STRINGS_H 1
#define HAVE_INTTYPES_H 1
#define HAVE_STDINT_H 1
#define HAVE_UNISTD_H 1
#define HAVE_DLFCN_H 1
#define LT_OBJDIR ".libs/"

configure: exit 0
