This file contains any messages produced by compilers while
running configure, to aid debugging if configure makes a mistake.

It was created by libmnl configure 1.0.4, which was
generated by GNU Autoconf 2.69.  Invocation command line was

  $ ./configure --host=arm-linux --target=arm-linux --build=i686-pc-linux --enable-shared --enable-static

## --------- ##
## Platform. ##
## --------- ##

hostname = ski
uname -m = x86_64
uname -r = 3.11.10-301.fc20.x86_64
uname -s = Linux
uname -v = #1 SMP Thu Dec 5 14:01:17 UTC 2013

/usr/bin/uname -p = x86_64
/bin/uname -X     = unknown

/bin/arch              = x86_64
/usr/bin/arch -k       = unknown
/usr/convex/getsysinfo = unknown
/usr/bin/hostinfo      = unknown
/bin/machine           = unknown
/usr/bin/oslevel       = unknown
/bin/universe          = unknown

PATH: /bin
PATH: /usr/local/bin
PATH: /usr/bin
PATH: /usr/ucb
PATH: /etc
PATH: /usr/X11R6/bin
PATH: /usr/local/bin
PATH: .
PATH: /usr/local/bin
PATH: /opt/buildroot-gcc483_arm/usr/bin
PATH: /opt/surfmilo/cross-dev/usr/bin


## ----------- ##
## Core tests. ##
## ----------- ##

configure:2146: checking build system type
configure:2160: result: i686-pc-linux-gnu
configure:2180: checking host system type
configure:2193: result: arm-unknown-linux-gnu
configure:2232: checking for a BSD-compatible install
configure:2300: result: /bin/install -c
configure:2311: checking whether build environment is sane
configure:2366: result: yes
configure:2425: checking for arm-linux-strip
configure:2441: found /opt/buildroot-gcc483_arm/usr/bin/arm-linux-strip
configure:2452: result: arm-linux-strip
configure:2517: checking for a thread-safe mkdir -p
configure:2556: result: /bin/mkdir -p
configure:2563: checking for gawk
configure:2579: found /bin/gawk
configure:2590: result: gawk
configure:2601: checking whether make sets $(MAKE)
configure:2623: result: yes
configure:2652: checking whether make supports nested variables
configure:2669: result: yes
configure:2748: checking how to create a pax tar archive
configure:2759: tar --version
tar (GNU tar) 1.26
Copyright (C) 2011 Free Software Foundation, Inc.
License GPLv3+: GNU GPL version 3 or later <http://gnu.org/licenses/gpl.html>.
This is free software: you are free to change and redistribute it.
There is NO WARRANTY, to the extent permitted by law.

Written by John Gilmore and Jay Fenlason.
configure:2762: $? = 0
configure:2802: tardir=conftest.dir && eval tar --format=posix -chf - "$tardir" >conftest.tar
configure:2805: $? = 0
configure:2809: tar -xf - <conftest.tar
configure:2812: $? = 0
configure:2814: cat conftest.dir/file
GrepMe
configure:2817: $? = 0
configure:2830: result: gnutar
configure:2892: checking whether make supports nested variables
configure:2909: result: yes
configure:2929: checking for arm-linux-gcc
configure:2956: result: arm-linux-gcc
configure:3225: checking for C compiler version
configure:3234: arm-linux-gcc --version >&5
arm-linux-gcc (Buildroot 2014.08) 4.8.3
Copyright (C) 2013 Free Software Foundation, Inc.
This is free software; see the source for copying conditions.  There is NO
warranty; not even for MERCHANTABILITY or FITNESS FOR A PARTICULAR PURPOSE.

configure:3245: $? = 0
configure:3234: arm-linux-gcc -v >&5
Using built-in specs.
COLLECT_GCC=arm-linux-gcc
COLLECT_LTO_WRAPPER=/opt/buildroot-gcc483_arm/usr/libexec/gcc/arm-buildroot-linux-uclibcgnueabi/4.8.3/lto-wrapper
Target: arm-buildroot-linux-uclibcgnueabi
Configured with: ./configure --prefix=/opt/buildroot-gcc483_arm/usr --sysconfdir=/opt/buildroot-gcc483_arm/etc --enable-static --target=arm-buildroot-linux-uclibcgnueabi --with-sysroot=/opt/buildroot-gcc483_arm/usr/arm-buildroot-linux-uclibcgnueabi/sysroot --disable-__cxa_atexit --with-gnu-ld --disable-libssp --disable-multilib --with-gmp=/opt/buildroot-gcc483_arm/usr --with-mpfr=/opt/buildroot-gcc483_arm/usr --enable-target-optspace --disable-libsanitizer --disable-tls --disable-libmudflap --enable-threads --with-mpc=/opt/buildroot-gcc483_arm/usr --without-isl --without-cloog --disable-decimal-float --with-arch=armv7-a --with-abi=aapcs-linux --with-cpu=cortex-a7 --with-fpu=neon-vfpv4 --with-float=softfp --with-mode=arm --with-pkgversion='Buildroot 2014.08' --with-bugurl=http://bugs.buildroot.net/ --enable-languages=c,c++ --with-build-time-tools=/opt/buildroot-gcc483_arm/usr/arm-buildroot-linux-uclibcgnueabi/bin --enable-shared --disable-libgomp
Thread model: posix
gcc version 4.8.3 (Buildroot 2014.08) 
configure:3245: $? = 0
configure:3234: arm-linux-gcc -V >&5
arm-linux-gcc: error: unrecognized command line option '-V'
arm-linux-gcc: fatal error: no input files
compilation terminated.
configure:3245: $? = 1
configure:3234: arm-linux-gcc -qversion >&5
arm-linux-gcc: error: unrecognized command line option '-qversion'
arm-linux-gcc: fatal error: no input files
compilation terminated.
configure:3245: $? = 1
configure:3265: checking whether the C compiler works
configure:3287: arm-linux-gcc -mcpu=cortex-a7 -O2 -fomit-frame-pointer -pipe -Os   conftest.c  >&5
configure:3291: $? = 0
configure:3339: result: yes
configure:3342: checking for C compiler default output file name
configure:3344: result: a.out
configure:3350: checking for suffix of executables
configure:3357: arm-linux-gcc -o conftest -mcpu=cortex-a7 -O2 -fomit-frame-pointer -pipe -Os   conftest.c  >&5
configure:3361: $? = 0
configure:3383: result: 
configure:3405: checking whether we are cross compiling
configure:3443: result: yes
configure:3448: checking for suffix of object files
configure:3470: arm-linux-gcc -c -mcpu=cortex-a7 -O2 -fomit-frame-pointer -pipe -Os  conftest.c >&5
configure:3474: $? = 0
configure:3495: result: o
configure:3499: checking whether we are using the GNU C compiler
configure:3518: arm-linux-gcc -c -mcpu=cortex-a7 -O2 -fomit-frame-pointer -pipe -Os  conftest.c >&5
configure:3518: $? = 0
configure:3527: result: yes
configure:3536: checking whether arm-linux-gcc accepts -g
configure:3556: arm-linux-gcc -c -g  conftest.c >&5
configure:3556: $? = 0
configure:3597: result: yes
configure:3614: checking for arm-linux-gcc option to accept ISO C89
configure:3677: arm-linux-gcc  -c -mcpu=cortex-a7 -O2 -fomit-frame-pointer -pipe -Os  conftest.c >&5
configure:3677: $? = 0
configure:3690: result: none needed
configure:3715: checking whether arm-linux-gcc understands -c and -o together
configure:3737: arm-linux-gcc -c conftest.c -o conftest2.o
configure:3740: $? = 0
configure:3737: arm-linux-gcc -c conftest.c -o conftest2.o
configure:3740: $? = 0
configure:3752: result: yes
configure:3780: checking for style of include used by make
configure:3808: result: GNU
configure:3834: checking dependency style of arm-linux-gcc
configure:3945: result: gcc3
configure:4039: checking how to print strings
configure:4066: result: printf
configure:4087: checking for a sed that does not truncate output
configure:4151: result: /bin/sed
configure:4169: checking for grep that handles long lines and -e
configure:4227: result: /bin/grep
configure:4232: checking for egrep
configure:4294: result: /bin/grep -E
configure:4299: checking for fgrep
configure:4361: result: /bin/grep -F
configure:4396: checking for ld used by arm-linux-gcc
configure:4463: result: /opt/buildroot-gcc483_arm/usr/arm-buildroot-linux-uclibcgnueabi/bin/ld
configure:4470: checking if the linker (/opt/buildroot-gcc483_arm/usr/arm-buildroot-linux-uclibcgnueabi/bin/ld) is GNU ld
configure:4485: result: yes
configure:4497: checking for BSD- or MS-compatible name lister (nm)
configure:4546: result: /opt/buildroot-gcc483_arm/usr/bin/arm-linux-nm -B
configure:4676: checking the name lister (/opt/buildroot-gcc483_arm/usr/bin/arm-linux-nm -B) interface
configure:4683: arm-linux-gcc -c -mcpu=cortex-a7 -O2 -fomit-frame-pointer -pipe -Os  conftest.c >&5
configure:4686: /opt/buildroot-gcc483_arm/usr/bin/arm-linux-nm -B "conftest.o"
configure:4689: output
00000000 B some_variable
configure:4696: result: BSD nm
configure:4699: checking whether ln -s works
configure:4703: result: yes
configure:4711: checking the maximum length of command line arguments
configure:4842: result: 1572864
configure:4859: checking whether the shell understands some XSI constructs
configure:4869: result: yes
configure:4873: checking whether the shell understands "+="
configure:4879: result: yes
configure:4914: checking how to convert i686-pc-linux-gnu file names to arm-unknown-linux-gnu format
configure:4954: result: func_convert_file_noop
configure:4961: checking how to convert i686-pc-linux-gnu file names to toolchain format
configure:4981: result: func_convert_file_noop
configure:4988: checking for /opt/buildroot-gcc483_arm/usr/arm-buildroot-linux-uclibcgnueabi/bin/ld option to reload object files
configure:4995: result: -r
configure:5029: checking for arm-linux-objdump
configure:5045: found /opt/buildroot-gcc483_arm/usr/bin/arm-linux-objdump
configure:5056: result: arm-linux-objdump
configure:5128: checking how to recognize dependent libraries
configure:5326: result: pass_all
configure:5371: checking for arm-linux-dlltool
configure:5401: result: no
configure:5411: checking for dlltool
configure:5441: result: no
configure:5471: checking how to associate runtime and link libraries
configure:5498: result: printf %s\n
configure:5515: checking for arm-linux-ar
configure:5531: found /opt/buildroot-gcc483_arm/usr/bin/arm-linux-ar
configure:5542: result: arm-linux-ar
configure:5623: checking for archiver @FILE support
configure:5640: arm-linux-gcc -c -mcpu=cortex-a7 -O2 -fomit-frame-pointer -pipe -Os  conftest.c >&5
configure:5640: $? = 0
configure:5643: arm-linux-ar cru libconftest.a @conftest.lst >&5
configure:5646: $? = 0
configure:5651: arm-linux-ar cru libconftest.a @conftest.lst >&5
arm-linux-ar: conftest.o: No such file or directory
configure:5654: $? = 1
configure:5666: result: @
configure:5684: checking for arm-linux-strip
configure:5711: result: arm-linux-strip
configure:5783: checking for arm-linux-ranlib
configure:5799: found /opt/buildroot-gcc483_arm/usr/bin/arm-linux-ranlib
configure:5810: result: arm-linux-ranlib
configure:5952: checking command to parse /opt/buildroot-gcc483_arm/usr/bin/arm-linux-nm -B output from arm-linux-gcc object
configure:6072: arm-linux-gcc -c -mcpu=cortex-a7 -O2 -fomit-frame-pointer -pipe -Os  conftest.c >&5
configure:6075: $? = 0
configure:6079: /opt/buildroot-gcc483_arm/usr/bin/arm-linux-nm -B conftest.o \| sed -n -e 's/^.*[ ]\([ABCDGIRSTW][ABCDGIRSTW]*\)[ ][ ]*\([_A-Za-z][_A-Za-z0-9]*\)$/\1 \2 \2/p' | sed '/ __gnu_lto/d' \> conftest.nm
configure:6082: $? = 0
configure:6148: arm-linux-gcc -o conftest -mcpu=cortex-a7 -O2 -fomit-frame-pointer -pipe -Os   conftest.c conftstm.o >&5
configure:6151: $? = 0
configure:6189: result: ok
configure:6226: checking for sysroot
configure:6256: result: no
configure:6485: checking for arm-linux-mt
configure:6515: result: no
configure:6525: checking for mt
configure:6555: result: no
configure:6575: checking if : is a manifest tool
configure:6581: : '-?'
configure:6589: result: no
configure:7231: checking how to run the C preprocessor
configure:7262: arm-linux-gcc -E  conftest.c
configure:7262: $? = 0
configure:7276: arm-linux-gcc -E  conftest.c
conftest.c:11:28: fatal error: ac_nonexistent.h: No such file or directory
 #include <ac_nonexistent.h>
                            ^
compilation terminated.
configure:7276: $? = 1
configure: failed program was:
| /* confdefs.h */
| #define PACKAGE_NAME "libmnl"
| #define PACKAGE_TARNAME "libmnl"
| #define PACKAGE_VERSION "1.0.4"
| #define PACKAGE_STRING "libmnl 1.0.4"
| #define PACKAGE_BUGREPORT ""
| #define PACKAGE_URL ""
| #define PACKAGE "libmnl"
| #define VERSION "1.0.4"
| /* end confdefs.h.  */
| #include <ac_nonexistent.h>
configure:7301: result: arm-linux-gcc -E
configure:7321: arm-linux-gcc -E  conftest.c
configure:7321: $? = 0
configure:7335: arm-linux-gcc -E  conftest.c
conftest.c:11:28: fatal error: ac_nonexistent.h: No such file or directory
 #include <ac_nonexistent.h>
                            ^
compilation terminated.
configure:7335: $? = 1
configure: failed program was:
| /* confdefs.h */
| #define PACKAGE_NAME "libmnl"
| #define PACKAGE_TARNAME "libmnl"
| #define PACKAGE_VERSION "1.0.4"
| #define PACKAGE_STRING "libmnl 1.0.4"
| #define PACKAGE_BUGREPORT ""
| #define PACKAGE_URL ""
| #define PACKAGE "libmnl"
| #define VERSION "1.0.4"
| /* end confdefs.h.  */
| #include <ac_nonexistent.h>
configure:7364: checking for ANSI C header files
configure:7384: arm-linux-gcc -c -mcpu=cortex-a7 -O2 -fomit-frame-pointer -pipe -Os  conftest.c >&5
configure:7384: $? = 0
configure:7468: result: yes
configure:7481: checking for sys/types.h
configure:7481: arm-linux-gcc -c -mcpu=cortex-a7 -O2 -fomit-frame-pointer -pipe -Os  conftest.c >&5
configure:7481: $? = 0
configure:7481: result: yes
configure:7481: checking for sys/stat.h
configure:7481: arm-linux-gcc -c -mcpu=cortex-a7 -O2 -fomit-frame-pointer -pipe -Os  conftest.c >&5
configure:7481: $? = 0
configure:7481: result: yes
configure:7481: checking for stdlib.h
configure:7481: arm-linux-gcc -c -mcpu=cortex-a7 -O2 -fomit-frame-pointer -pipe -Os  conftest.c >&5
configure:7481: $? = 0
configure:7481: result: yes
configure:7481: checking for string.h
configure:7481: arm-linux-gcc -c -mcpu=cortex-a7 -O2 -fomit-frame-pointer -pipe -Os  conftest.c >&5
configure:7481: $? = 0
configure:7481: result: yes
configure:7481: checking for memory.h
configure:7481: arm-linux-gcc -c -mcpu=cortex-a7 -O2 -fomit-frame-pointer -pipe -Os  conftest.c >&5
configure:7481: $? = 0
configure:7481: result: yes
configure:7481: checking for strings.h
configure:7481: arm-linux-gcc -c -mcpu=cortex-a7 -O2 -fomit-frame-pointer -pipe -Os  conftest.c >&5
configure:7481: $? = 0
configure:7481: result: yes
configure:7481: checking for inttypes.h
configure:7481: arm-linux-gcc -c -mcpu=cortex-a7 -O2 -fomit-frame-pointer -pipe -Os  conftest.c >&5
configure:7481: $? = 0
configure:7481: result: yes
configure:7481: checking for stdint.h
configure:7481: arm-linux-gcc -c -mcpu=cortex-a7 -O2 -fomit-frame-pointer -pipe -Os  conftest.c >&5
configure:7481: $? = 0
configure:7481: result: yes
configure:7481: checking for unistd.h
configure:7481: arm-linux-gcc -c -mcpu=cortex-a7 -O2 -fomit-frame-pointer -pipe -Os  conftest.c >&5
configure:7481: $? = 0
configure:7481: result: yes
configure:7495: checking for dlfcn.h
configure:7495: arm-linux-gcc -c -mcpu=cortex-a7 -O2 -fomit-frame-pointer -pipe -Os  conftest.c >&5
configure:7495: $? = 0
configure:7495: result: yes
configure:7671: checking for objdir
configure:7686: result: .libs
configure:7957: checking if arm-linux-gcc supports -fno-rtti -fno-exceptions
configure:7975: arm-linux-gcc -c -mcpu=cortex-a7 -O2 -fomit-frame-pointer -pipe -Os  -fno-rtti -fno-exceptions conftest.c >&5
cc1: warning: command line option '-fno-rtti' is valid for C++/ObjC++ but not for C [enabled by default]
configure:7979: $? = 0
configure:7992: result: no
configure:8319: checking for arm-linux-gcc option to produce PIC
configure:8326: result: -fPIC -DPIC
configure:8334: checking if arm-linux-gcc PIC flag -fPIC -DPIC works
configure:8352: arm-linux-gcc -c -mcpu=cortex-a7 -O2 -fomit-frame-pointer -pipe -Os  -fPIC -DPIC -DPIC conftest.c >&5
configure:8356: $? = 0
configure:8369: result: yes
configure:8398: checking if arm-linux-gcc static flag -static works
configure:8426: result: yes
configure:8441: checking if arm-linux-gcc supports -c -o file.o
configure:8462: arm-linux-gcc -c -mcpu=cortex-a7 -O2 -fomit-frame-pointer -pipe -Os  -o out/conftest2.o conftest.c >&5
configure:8466: $? = 0
configure:8488: result: yes
configure:8496: checking if arm-linux-gcc supports -c -o file.o
configure:8543: result: yes
configure:8576: checking whether the arm-linux-gcc linker (/opt/buildroot-gcc483_arm/usr/arm-buildroot-linux-uclibcgnueabi/bin/ld) supports shared libraries
configure:9733: result: yes
configure:9770: checking whether -lc should be explicitly linked in
configure:9778: arm-linux-gcc -c -mcpu=cortex-a7 -O2 -fomit-frame-pointer -pipe -Os  conftest.c >&5
configure:9781: $? = 0
configure:9796: arm-linux-gcc -shared  -fPIC -DPIC conftest.o  -v -Wl,-soname -Wl,conftest -o conftest 2\>\&1 \| /bin/grep  -lc  \>/dev/null 2\>\&1
configure:9799: $? = 0
configure:9813: result: no
configure:9973: checking dynamic linker characteristics
configure:10473: arm-linux-gcc -o conftest -mcpu=cortex-a7 -O2 -fomit-frame-pointer -pipe -Os   -Wl,-rpath -Wl,/foo conftest.c  >&5
configure:10473: $? = 0
configure:10707: result: GNU/Linux ld.so
configure:10814: checking how to hardcode library paths into programs
configure:10839: result: immediate
configure:11379: checking whether stripping libraries is possible
configure:11384: result: yes
configure:11419: checking if libtool supports shared libraries
configure:11421: result: yes
configure:11424: checking whether to build shared libraries
configure:11445: result: yes
configure:11448: checking whether to build static libraries
configure:11452: result: yes
configure:11498: checking whether compiler accepts -fvisibility=hidden
configure:11507: arm-linux-gcc -c -mcpu=cortex-a7 -O2 -fomit-frame-pointer -pipe -Os -fvisibility=hidden  conftest.c >&5
configure:11507: $? = 0
configure:11515: result: yes
configure:11654: checking that generated files are newer than configure
configure:11660: result: done
configure:11683: creating ./config.status

## ---------------------- ##
## Running config.status. ##
## ---------------------- ##

This file was extended by libmnl config.status 1.0.4, which was
generated by GNU Autoconf 2.69.  Invocation command line was

  CONFIG_FILES    = 
  CONFIG_HEADERS  = 
  CONFIG_LINKS    = 
  CONFIG_COMMANDS = 
  $ ./config.status 

on ski

config.status:1096: creating Makefile
config.status:1096: creating src/Makefile
config.status:1096: creating include/Makefile
config.status:1096: creating include/libmnl/Makefile
config.status:1096: creating include/linux/Makefile
config.status:1096: creating include/linux/netfilter/Makefile
config.status:1096: creating examples/Makefile
config.status:1096: creating examples/genl/Makefile
config.status:1096: creating examples/kobject/Makefile
config.status:1096: creating examples/netfilter/Makefile
config.status:1096: creating examples/rtnl/Makefile
config.status:1096: creating libmnl.pc
config.status:1096: creating doxygen.cfg
config.status:1096: creating config.h
config.status:1277: config.h is unchanged
config.status:1325: executing depfiles commands
config.status:1325: executing libtool commands

## ---------------- ##
## Cache variables. ##
## ---------------- ##

ac_cv_build=i686-pc-linux-gnu
ac_cv_c_compiler_gnu=yes
ac_cv_env_CC_set=set
ac_cv_env_CC_value=arm-linux-gcc
ac_cv_env_CFLAGS_set=set
ac_cv_env_CFLAGS_value='-mcpu=cortex-a7 -O2 -fomit-frame-pointer -pipe -Os'
ac_cv_env_CPPFLAGS_set=
ac_cv_env_CPPFLAGS_value=
ac_cv_env_CPP_set=
ac_cv_env_CPP_value=
ac_cv_env_LDFLAGS_set=
ac_cv_env_LDFLAGS_value=
ac_cv_env_LIBS_set=
ac_cv_env_LIBS_value=
ac_cv_env_build_alias_set=set
ac_cv_env_build_alias_value=i686-pc-linux
ac_cv_env_host_alias_set=set
ac_cv_env_host_alias_value=arm-linux
ac_cv_env_target_alias_set=set
ac_cv_env_target_alias_value=arm-linux
ac_cv_fvisibility_hidden=yes
ac_cv_header_dlfcn_h=yes
ac_cv_header_inttypes_h=yes
ac_cv_header_memory_h=yes
ac_cv_header_stdc=yes
ac_cv_header_stdint_h=yes
ac_cv_header_stdlib_h=yes
ac_cv_header_string_h=yes
ac_cv_header_strings_h=yes
ac_cv_header_sys_stat_h=yes
ac_cv_header_sys_types_h=yes
ac_cv_header_unistd_h=yes
ac_cv_host=arm-unknown-linux-gnu
ac_cv_objext=o
ac_cv_path_EGREP='/bin/grep -E'
ac_cv_path_FGREP='/bin/grep -F'
ac_cv_path_GREP=/bin/grep
ac_cv_path_SED=/bin/sed
ac_cv_path_install='/bin/install -c'
ac_cv_path_mkdir=/bin/mkdir
ac_cv_prog_AR=arm-linux-ar
ac_cv_prog_AWK=gawk
ac_cv_prog_CC=arm-linux-gcc
ac_cv_prog_CPP='arm-linux-gcc -E'
ac_cv_prog_OBJDUMP=arm-linux-objdump
ac_cv_prog_RANLIB=arm-linux-ranlib
ac_cv_prog_STRIP=arm-linux-strip
ac_cv_prog_cc_c89=
ac_cv_prog_cc_g=yes
ac_cv_prog_make_make_set=yes
am_cv_CC_dependencies_compiler_type=gcc3
am_cv_make_support_nested_variables=yes
am_cv_prog_cc_c_o=yes
am_cv_prog_tar_pax=gnutar
lt_cv_ar_at_file=@
lt_cv_archive_cmds_need_lc=no
lt_cv_deplibs_check_method=pass_all
lt_cv_file_magic_cmd='$MAGIC_CMD'
lt_cv_file_magic_test_file=
lt_cv_ld_reload_flag=-r
lt_cv_nm_interface='BSD nm'
lt_cv_objdir=.libs
lt_cv_path_LD=/opt/buildroot-gcc483_arm/usr/arm-buildroot-linux-uclibcgnueabi/bin/ld
lt_cv_path_NM='/opt/buildroot-gcc483_arm/usr/bin/arm-linux-nm -B'
lt_cv_path_mainfest_tool=no
lt_cv_prog_compiler_c_o=yes
lt_cv_prog_compiler_pic='-fPIC -DPIC'
lt_cv_prog_compiler_pic_works=yes
lt_cv_prog_compiler_rtti_exceptions=no
lt_cv_prog_compiler_static_works=yes
lt_cv_prog_gnu_ld=yes
lt_cv_sharedlib_from_linklib_cmd='printf %s\n'
lt_cv_shlibpath_overrides_runpath=no
lt_cv_sys_global_symbol_pipe='sed -n -e '\''s/^.*[	 ]\([ABCDGIRSTW][ABCDGIRSTW]*\)[	 ][	 ]*\([_A-Za-z][_A-Za-z0-9]*\)$/\1 \2 \2/p'\'' | sed '\''/ __gnu_lto/d'\'''
lt_cv_sys_global_symbol_to_c_name_address='sed -n -e '\''s/^: \([^ ]*\)[ ]*$/  {\"\1\", (void *) 0},/p'\'' -e '\''s/^[ABCDGIRSTW]* \([^ ]*\) \([^ ]*\)$/  {"\2", (void *) \&\2},/p'\'''
lt_cv_sys_global_symbol_to_c_name_address_lib_prefix='sed -n -e '\''s/^: \([^ ]*\)[ ]*$/  {\"\1\", (void *) 0},/p'\'' -e '\''s/^[ABCDGIRSTW]* \([^ ]*\) \(lib[^ ]*\)$/  {"\2", (void *) \&\2},/p'\'' -e '\''s/^[ABCDGIRSTW]* \([^ ]*\) \([^ ]*\)$/  {"lib\2", (void *) \&\2},/p'\'''
lt_cv_sys_global_symbol_to_cdecl='sed -n -e '\''s/^T .* \(.*\)$/extern int \1();/p'\'' -e '\''s/^[ABCDGIRSTW]* .* \(.*\)$/extern char \1;/p'\'''
lt_cv_sys_max_cmd_len=1572864
lt_cv_to_host_file_cmd=func_convert_file_noop
lt_cv_to_tool_file_cmd=func_convert_file_noop

## ----------------- ##
## Output variables. ##
## ----------------- ##

ACLOCAL='${SHELL} /home/mt7623/userapps/netfilter-q/libmnl-1.0.4/build-aux/missing aclocal-1.14'
AMDEPBACKSLASH='\'
AMDEP_FALSE='#'
AMDEP_TRUE=''
AMTAR='$${TAR-tar}'
AM_BACKSLASH='\'
AM_DEFAULT_V='$(AM_DEFAULT_VERBOSITY)'
AM_DEFAULT_VERBOSITY='0'
AM_V='$(V)'
AR='arm-linux-ar'
AUTOCONF='${SHELL} /home/mt7623/userapps/netfilter-q/libmnl-1.0.4/build-aux/missing autoconf'
AUTOHEADER='${SHELL} /home/mt7623/userapps/netfilter-q/libmnl-1.0.4/build-aux/missing autoheader'
AUTOMAKE='${SHELL} /home/mt7623/userapps/netfilter-q/libmnl-1.0.4/build-aux/missing automake-1.14'
AWK='gawk'
CC='arm-linux-gcc'
CCDEPMODE='depmode=gcc3'
CFLAGS='-mcpu=cortex-a7 -O2 -fomit-frame-pointer -pipe -Os'
CPP='arm-linux-gcc -E'
CPPFLAGS=''
CYGPATH_W='echo'
DEFS='-DHAVE_CONFIG_H'
DEPDIR='.deps'
DLLTOOL='false'
DSYMUTIL=''
DUMPBIN=''
ECHO_C=''
ECHO_N='-n'
ECHO_T=''
EGREP='/bin/grep -E'
EXEEXT=''
FGREP='/bin/grep -F'
GCC_FVISIBILITY_HIDDEN='-fvisibility=hidden'
GREP='/bin/grep'
INSTALL_DATA='${INSTALL} -m 644'
INSTALL_PROGRAM='${INSTALL}'
INSTALL_SCRIPT='${INSTALL}'
INSTALL_STRIP_PROGRAM='$(install_sh) -c -s'
LD='/opt/buildroot-gcc483_arm/usr/arm-buildroot-linux-uclibcgnueabi/bin/ld'
LDFLAGS=''
LIBOBJS=''
LIBS=''
LIBTOOL='$(SHELL) $(top_builddir)/libtool'
LIPO=''
LN_S='ln -s'
LTLIBOBJS=''
MAKEINFO='${SHELL} /home/mt7623/userapps/netfilter-q/libmnl-1.0.4/build-aux/missing makeinfo'
MANIFEST_TOOL=':'
MKDIR_P='/bin/mkdir -p'
NM='/opt/buildroot-gcc483_arm/usr/bin/arm-linux-nm -B'
NMEDIT=''
OBJDUMP='arm-linux-objdump'
OBJEXT='o'
OTOOL64=''
OTOOL=''
PACKAGE='libmnl'
PACKAGE_BUGREPORT=''
PACKAGE_NAME='libmnl'
PACKAGE_STRING='libmnl 1.0.4'
PACKAGE_TARNAME='libmnl'
PACKAGE_URL=''
PACKAGE_VERSION='1.0.4'
PATH_SEPARATOR=':'
RANLIB='arm-linux-ranlib'
SED='/bin/sed'
SET_MAKE=''
SHELL='/bin/sh'
STRIP='arm-linux-strip'
VERSION='1.0.4'
ac_ct_AR=''
ac_ct_CC=''
ac_ct_DUMPBIN=''
am__EXEEXT_FALSE=''
am__EXEEXT_TRUE='#'
am__fastdepCC_FALSE='#'
am__fastdepCC_TRUE=''
am__include='include'
am__isrc=''
am__leading_dot='.'
am__nodep='_no'
am__quote=''
am__tar='tar --format=posix -chf - "$$tardir"'
am__untar='tar -xf -'
bindir='${exec_prefix}/bin'
build='i686-pc-linux-gnu'
build_alias='i686-pc-linux'
build_cpu='i686'
build_os='linux-gnu'
build_vendor='pc'
datadir='${datarootdir}'
datarootdir='${prefix}/share'
docdir='${datarootdir}/doc/${PACKAGE_TARNAME}'
dvidir='${docdir}'
exec_prefix='${prefix}'
host='arm-unknown-linux-gnu'
host_alias='arm-linux'
host_cpu='arm'
host_os='linux-gnu'
host_vendor='unknown'
htmldir='${docdir}'
includedir='${prefix}/include'
infodir='${datarootdir}/info'
install_sh='${SHELL} /home/mt7623/userapps/netfilter-q/libmnl-1.0.4/build-aux/install-sh'
libdir='${exec_prefix}/lib'
libexecdir='${exec_prefix}/libexec'
localedir='${datarootdir}/locale'
localstatedir='${prefix}/var'
mandir='${datarootdir}/man'
mkdir_p='$(MKDIR_P)'
oldincludedir='/usr/include'
pdfdir='${docdir}'
prefix='/usr/local'
program_transform_name='s,x,x,'
psdir='${docdir}'
regular_CFLAGS='-Wall -Waggregate-return -Wmissing-declarations 	-Wmissing-prototypes -Wshadow -Wstrict-prototypes 	-Wformat=2 -pipe'
regular_CPPFLAGS='-D_FILE_OFFSET_BITS=64 -D_REENTRANT'
sbindir='${exec_prefix}/sbin'
sharedstatedir='${prefix}/com'
sysconfdir='${prefix}/etc'
target_alias='arm-linux'

## ----------- ##
## confdefs.h. ##
## ----------- ##

/* confdefs.h */
#define PACKAGE_NAME "libmnl"
#define PACKAGE_TARNAME "libmnl"
#define PACKAGE_VERSION "1.0.4"
#define PACKAGE_STRING "libmnl 1.0.4"
#define PACKAGE_BUGREPORT ""
#define PACKAGE_URL ""
#define PACKAGE "libmnl"
#define VERSION "1.0.4"
#define STDC_HEADERS 1
#define HAVE_SYS_TYPES_H 1
#define HAVE_SYS_STAT_H 1
#define HAVE_STDLIB_H 1
#define HAVE_STRING_H 1
#define HAVE_MEMORY_H 1
#define HAVE_STRINGS_H 1
#define HAVE_INTTYPES_H 1
#define HAVE_STDINT_H 1
#define HAVE_UNISTD_H 1
#define HAVE_DLFCN_H 1
#define LT_OBJDIR ".libs/"
#define HAVE_VISIBILITY_HIDDEN 1

configure: exit 0
